Determining if the pthread_create exist failed with the following output:
Change Dir: /home/fotis/Dev/Workspaces/ROS/qTnP/build/CMakeFiles/CMakeTmp

Run Build Command:/usr/bin/make "cmTryCompileExec3882202539/fast"
/usr/bin/make -f CMakeFiles/cmTryCompileExec3882202539.dir/build.make CMakeFiles/cmTryCompileExec3882202539.dir/build
make[1]: Entering directory `/home/fotis/Dev/Workspaces/ROS/qTnP/build/CMakeFiles/CMakeTmp'
/usr/bin/cmake -E cmake_progress_report /home/fotis/Dev/Workspaces/ROS/qTnP/build/CMakeFiles/CMakeTmp/CMakeFiles 1
Building C object CMakeFiles/cmTryCompileExec3882202539.dir/CheckSymbolExists.c.o
/usr/lib/ccache/cc    -o CMakeFiles/cmTryCompileExec3882202539.dir/CheckSymbolExists.c.o   -c /home/fotis/Dev/Workspaces/ROS/qTnP/build/CMakeFiles/CMakeTmp/CheckSymbolExists.c
Linking C executable cmTryCompileExec3882202539
/usr/bin/cmake -E cmake_link_script CMakeFiles/cmTryCompileExec3882202539.dir/link.txt --verbose=1
/usr/lib/ccache/cc       CMakeFiles/cmTryCompileExec3882202539.dir/CheckSymbolExists.c.o  -o cmTryCompileExec3882202539 -rdynamic 
CMakeFiles/cmTryCompileExec3882202539.dir/CheckSymbolExists.c.o: In function `main':
CheckSymbolExists.c:(.text+0x16): undefined reference to `pthread_create'
collect2: error: ld returned 1 exit status
make[1]: *** [cmTryCompileExec3882202539] Error 1
make[1]: Leaving directory `/home/fotis/Dev/Workspaces/ROS/qTnP/build/CMakeFiles/CMakeTmp'
make: *** [cmTryCompileExec3882202539/fast] Error 2

File /home/fotis/Dev/Workspaces/ROS/qTnP/build/CMakeFiles/CMakeTmp/CheckSymbolExists.c:
/* */
#include <pthread.h>

int main(int argc, char** argv)
{
  (void)argv;
#ifndef pthread_create
  return ((int*)(&pthread_create))[argc];
#else
  (void)argc;
  return 0;
#endif
}

Determining if the function pthread_create exists in the pthreads failed with the following output:
Change Dir: /home/fotis/Dev/Workspaces/ROS/qTnP/build/CMakeFiles/CMakeTmp

Run Build Command:/usr/bin/make "cmTryCompileExec261183222/fast"
/usr/bin/make -f CMakeFiles/cmTryCompileExec261183222.dir/build.make CMakeFiles/cmTryCompileExec261183222.dir/build
make[1]: Entering directory `/home/fotis/Dev/Workspaces/ROS/qTnP/build/CMakeFiles/CMakeTmp'
/usr/bin/cmake -E cmake_progress_report /home/fotis/Dev/Workspaces/ROS/qTnP/build/CMakeFiles/CMakeTmp/CMakeFiles 1
Building C object CMakeFiles/cmTryCompileExec261183222.dir/CheckFunctionExists.c.o
/usr/lib/ccache/cc   -DCHECK_FUNCTION_EXISTS=pthread_create   -o CMakeFiles/cmTryCompileExec261183222.dir/CheckFunctionExists.c.o   -c /usr/share/cmake-2.8/Modules/CheckFunctionExists.c
Linking C executable cmTryCompileExec261183222
/usr/bin/cmake -E cmake_link_script CMakeFiles/cmTryCompileExec261183222.dir/link.txt --verbose=1
/usr/lib/ccache/cc   -DCHECK_FUNCTION_EXISTS=pthread_create    CMakeFiles/cmTryCompileExec261183222.dir/CheckFunctionExists.c.o  -o cmTryCompileExec261183222 -rdynamic -lpthreads 
/usr/bin/ld: cannot find -lpthreads
collect2: error: ld returned 1 exit status
make[1]: *** [cmTryCompileExec261183222] Error 1
make[1]: Leaving directory `/home/fotis/Dev/Workspaces/ROS/qTnP/build/CMakeFiles/CMakeTmp'
make: *** [cmTryCompileExec261183222/fast] Error 2


Determining if the Q_WS_WIN exist failed with the following output:
Change Dir: /home/fotis/Dev/Workspaces/ROS/qTnP/build/CMakeFiles/CMakeTmp

Run Build Command:/usr/bin/make "cmTryCompileExec1398549327/fast"
/usr/bin/make -f CMakeFiles/cmTryCompileExec1398549327.dir/build.make CMakeFiles/cmTryCompileExec1398549327.dir/build
make[1]: Entering directory `/home/fotis/Dev/Workspaces/ROS/qTnP/build/CMakeFiles/CMakeTmp'
/usr/bin/cmake -E cmake_progress_report /home/fotis/Dev/Workspaces/ROS/qTnP/build/CMakeFiles/CMakeTmp/CMakeFiles 1
Building CXX object CMakeFiles/cmTryCompileExec1398549327.dir/CheckSymbolExists.cxx.o
/usr/lib/ccache/c++    -lgmp -lCGAL -lCGAL_Core -frounding-math   -I/usr/include/qt4    -o CMakeFiles/cmTryCompileExec1398549327.dir/CheckSymbolExists.cxx.o -c /home/fotis/Dev/Workspaces/ROS/qTnP/build/CMakeFiles/CMakeTmp/CheckSymbolExists.cxx
/home/fotis/Dev/Workspaces/ROS/qTnP/build/CMakeFiles/CMakeTmp/CheckSymbolExists.cxx: In function ‘int main(int, char**)’:
/home/fotis/Dev/Workspaces/ROS/qTnP/build/CMakeFiles/CMakeTmp/CheckSymbolExists.cxx:8:19: error: ‘Q_WS_WIN’ was not declared in this scope
   return ((int*)(&Q_WS_WIN))[argc];
                   ^
make[1]: *** [CMakeFiles/cmTryCompileExec1398549327.dir/CheckSymbolExists.cxx.o] Error 1
make[1]: Leaving directory `/home/fotis/Dev/Workspaces/ROS/qTnP/build/CMakeFiles/CMakeTmp'
make: *** [cmTryCompileExec1398549327/fast] Error 2

File /home/fotis/Dev/Workspaces/ROS/qTnP/build/CMakeFiles/CMakeTmp/CheckSymbolExists.cxx:
/* */
#include <QtCore/qglobal.h>

int main(int argc, char** argv)
{
  (void)argv;
#ifndef Q_WS_WIN
  return ((int*)(&Q_WS_WIN))[argc];
#else
  (void)argc;
  return 0;
#endif
}

Determining if the Q_WS_QWS exist failed with the following output:
Change Dir: /home/fotis/Dev/Workspaces/ROS/qTnP/build/CMakeFiles/CMakeTmp

Run Build Command:/usr/bin/make "cmTryCompileExec1706099103/fast"
/usr/bin/make -f CMakeFiles/cmTryCompileExec1706099103.dir/build.make CMakeFiles/cmTryCompileExec1706099103.dir/build
make[1]: Entering directory `/home/fotis/Dev/Workspaces/ROS/qTnP/build/CMakeFiles/CMakeTmp'
/usr/bin/cmake -E cmake_progress_report /home/fotis/Dev/Workspaces/ROS/qTnP/build/CMakeFiles/CMakeTmp/CMakeFiles 1
Building CXX object CMakeFiles/cmTryCompileExec1706099103.dir/CheckSymbolExists.cxx.o
/usr/lib/ccache/c++    -lgmp -lCGAL -lCGAL_Core -frounding-math   -I/usr/include/qt4    -o CMakeFiles/cmTryCompileExec1706099103.dir/CheckSymbolExists.cxx.o -c /home/fotis/Dev/Workspaces/ROS/qTnP/build/CMakeFiles/CMakeTmp/CheckSymbolExists.cxx
/home/fotis/Dev/Workspaces/ROS/qTnP/build/CMakeFiles/CMakeTmp/CheckSymbolExists.cxx: In function ‘int main(int, char**)’:
/home/fotis/Dev/Workspaces/ROS/qTnP/build/CMakeFiles/CMakeTmp/CheckSymbolExists.cxx:8:19: error: ‘Q_WS_QWS’ was not declared in this scope
   return ((int*)(&Q_WS_QWS))[argc];
                   ^
make[1]: *** [CMakeFiles/cmTryCompileExec1706099103.dir/CheckSymbolExists.cxx.o] Error 1
make[1]: Leaving directory `/home/fotis/Dev/Workspaces/ROS/qTnP/build/CMakeFiles/CMakeTmp'
make: *** [cmTryCompileExec1706099103/fast] Error 2

File /home/fotis/Dev/Workspaces/ROS/qTnP/build/CMakeFiles/CMakeTmp/CheckSymbolExists.cxx:
/* */
#include <QtCore/qglobal.h>

int main(int argc, char** argv)
{
  (void)argv;
#ifndef Q_WS_QWS
  return ((int*)(&Q_WS_QWS))[argc];
#else
  (void)argc;
  return 0;
#endif
}

Determining if the Q_WS_MAC exist failed with the following output:
Change Dir: /home/fotis/Dev/Workspaces/ROS/qTnP/build/CMakeFiles/CMakeTmp

Run Build Command:/usr/bin/make "cmTryCompileExec2280882995/fast"
/usr/bin/make -f CMakeFiles/cmTryCompileExec2280882995.dir/build.make CMakeFiles/cmTryCompileExec2280882995.dir/build
make[1]: Entering directory `/home/fotis/Dev/Workspaces/ROS/qTnP/build/CMakeFiles/CMakeTmp'
/usr/bin/cmake -E cmake_progress_report /home/fotis/Dev/Workspaces/ROS/qTnP/build/CMakeFiles/CMakeTmp/CMakeFiles 1
Building CXX object CMakeFiles/cmTryCompileExec2280882995.dir/CheckSymbolExists.cxx.o
/usr/lib/ccache/c++    -lgmp -lCGAL -lCGAL_Core -frounding-math   -I/usr/include/qt4    -o CMakeFiles/cmTryCompileExec2280882995.dir/CheckSymbolExists.cxx.o -c /home/fotis/Dev/Workspaces/ROS/qTnP/build/CMakeFiles/CMakeTmp/CheckSymbolExists.cxx
/home/fotis/Dev/Workspaces/ROS/qTnP/build/CMakeFiles/CMakeTmp/CheckSymbolExists.cxx: In function ‘int main(int, char**)’:
/home/fotis/Dev/Workspaces/ROS/qTnP/build/CMakeFiles/CMakeTmp/CheckSymbolExists.cxx:8:19: error: ‘Q_WS_MAC’ was not declared in this scope
   return ((int*)(&Q_WS_MAC))[argc];
                   ^
make[1]: *** [CMakeFiles/cmTryCompileExec2280882995.dir/CheckSymbolExists.cxx.o] Error 1
make[1]: Leaving directory `/home/fotis/Dev/Workspaces/ROS/qTnP/build/CMakeFiles/CMakeTmp'
make: *** [cmTryCompileExec2280882995/fast] Error 2

File /home/fotis/Dev/Workspaces/ROS/qTnP/build/CMakeFiles/CMakeTmp/CheckSymbolExists.cxx:
/* */
#include <QtCore/qglobal.h>

int main(int argc, char** argv)
{
  (void)argv;
#ifndef Q_WS_MAC
  return ((int*)(&Q_WS_MAC))[argc];
#else
  (void)argc;
  return 0;
#endif
}

